<?xml version="1.0" encoding="UTF-8"?>
<testsuite xmlns:xsi="http://www.w3.org/2001/XMLSchema-instance" xsi:noNamespaceSchemaLocation="https://maven.apache.org/surefire/maven-surefire-plugin/xsd/surefire-test-report-3.0.xsd" version="3.0" name="com.getboot.support.api.trace.TraceContextHolderTest" time="0.002" tests="2" errors="0" skipped="0" failures="0">
  <properties>
[...]
</properties>
  <testcase name="shouldClearTraceIdWhenBlankValueIsBound" classname="com.getboot.support.api.trace.TraceContextHolderTest" time="0.001"/>
  <testcase name="shouldBindAndRestoreTraceId" classname="com.getboot.support.api.trace.TraceContextHolderTest" time="0.001"/>
</testsuite>